2022-33-26 12:07:962 INFO  LoginPage:19 - Entering C:\Users\kaveri.appana\IdeaProjects\heroko\resources\chromedriver.exein the uploadfile field
2022-33-26 12:07:38 INFO  LoginPage:21 - EnteredC:\Users\kaveri.appana\IdeaProjects\heroko\resources\chromedriver.exein the upload file field
2022-37-26 12:07:284 INFO  LoginPage:18 - Entering tomsmith in username field
2022-37-26 12:07:385 INFO  LoginPage:20 - Entered tomsmith in username field
2022-37-26 12:07:387 INFO  LoginPage:24 - EnteringSuperSecretPassword!in password field
2022-37-26 12:07:509 INFO  LoginPage:26 - EnteredSuperSecretPassword!in password field
2022-40-26 12:07:246 INFO  LoginPage:16 - enteringkaveriin the input field
2022-40-26 12:07:355 INFO  LoginPage:18 - enteredkaveriin the input field
2022-07-26 14:07:801 INFO  LoginPage:16 - enteringkaveriin the input field
2022-07-26 14:07:907 INFO  LoginPage:18 - enteredkaveriin the input field
2022-08-26 14:07:350 INFO  LoginPage:18 - Entering tomsmith in username field
2022-08-26 14:07:441 INFO  LoginPage:20 - Entered tomsmith in username field
2022-08-26 14:07:441 INFO  LoginPage:24 - EnteringSuperSecretPassword!in password field
2022-08-26 14:07:555 INFO  LoginPage:26 - EnteredSuperSecretPassword!in password field
2022-34-26 14:07:42 INFO  LoginPage:18 - Entering tomsmith in username field
2022-34-26 14:07:172 INFO  LoginPage:20 - Entered tomsmith in username field
2022-34-26 14:07:175 INFO  LoginPage:24 - EnteringSuperSecretPassword!in password field
2022-34-26 14:07:301 INFO  LoginPage:26 - EnteredSuperSecretPassword!in password field
2022-46-26 14:07:554 INFO  LoginPage:22 - enteringnullin select option
2022-50-26 14:07:224 INFO  LoginPage:22 - enteringnullin select option
2022-51-26 14:07:432 INFO  LoginPage:22 - enteringOption 1in select option
2022-51-26 14:07:616 INFO  LoginPage:24 - enteredOption 1in the select option field
2022-43-29 16:07:892 INFO  LoginPage:17 - enteringP=3.14in the input field
2022-43-29 16:07:33 INFO  LoginPage:19 - enteredP=3.14in the input field
2022-45-29 16:07:155 INFO  LoginPage:17 - enteringP=3.14in the input field
2022-45-29 16:07:277 INFO  LoginPage:19 - enteredP=3.14in the input field
2022-56-03 12:08:39 INFO  LoginPage:18 - Entering tomsmith in username field
2022-56-03 12:08:140 INFO  LoginPage:20 - Entered tomsmith in username field
2022-56-03 12:08:140 INFO  LoginPage:24 - EnteringSuperSecretPassword!in password field
2022-56-03 12:08:255 INFO  LoginPage:26 - EnteredSuperSecretPassword!in password field
2022-35-26 10:08:975 INFO  LoginPage:18 - Entering tomsmith in username field
2022-35-26 10:08:78 INFO  LoginPage:20 - Entered tomsmith in username field
2022-35-26 10:08:79 INFO  LoginPage:24 - EnteringSuperSecretPassword!in password field
2022-35-26 10:08:173 INFO  LoginPage:26 - EnteredSuperSecretPassword!in password field
2022-36-26 10:08:678 INFO  LoginPage:18 - Entering tomsmith in username field
2022-36-26 10:08:797 INFO  LoginPage:20 - Entered tomsmith in username field
2022-36-26 10:08:799 INFO  LoginPage:24 - EnteringSuperSecretPassword!in password field
2022-36-26 10:08:891 INFO  LoginPage:26 - EnteredSuperSecretPassword!in password field
2022-47-26 10:08:900 INFO  LoginPage:18 - Entering tomsmith in username field
2022-47-26 10:08:00 INFO  LoginPage:20 - Entered tomsmith in username field
2022-47-26 10:08:01 INFO  LoginPage:24 - EnteringSuperSecretPassword!in password field
2022-47-26 10:08:105 INFO  LoginPage:26 - EnteredSuperSecretPassword!in password field
